<?xml version="1.0" encoding="UTF-8"?>
<testsuite name="Login page scenarios" tests="1" skipped="0" failures="1" errors="0" timestamp="2017-12-07T06:34:56" hostname="Sampads-MBP.lan" time="75.73">
  <properties/>
  <testcase name="FTUX - Existing User login" classname="Login page scenarios" time="75.73">
    <failure message="net.serenitybdd.core.exceptions.SerenityManagedException: The following error occurred: Can't locate an element by this strategy: Locator map: &#10;- native content: &quot;By.id: emailAddress&quot; &#10;- html content: &quot;by id or name &quot;emailAddress&quot;&quot;" type="net.serenitybdd.core.exceptions.SerenityManagedException">net.serenitybdd.core.exceptions.SerenityManagedException: The following error occurred: Can't locate an element by this strategy: Locator map: 
- native content: &quot;By.id: emailAddress&quot; 
- html content: &quot;by id or name &quot;emailAddress&quot;&quot;
	at io.appium.java_client.pagefactory.AppiumElementLocator.findElement(AppiumElementLocator.java:102)
	at io.appium.java_client.pagefactory.interceptors.InterceptorOfASingleElement.intercept(InterceptorOfASingleElement.java:61)
	at org.openqa.selenium.remote.RemoteWebElement$$EnhancerByCGLIB$$d27c0df4.sendKeys(&lt;generated&gt;)
	at net.serenitybdd.core.pages.WebElementFacadeImpl.sendKeys(WebElementFacadeImpl.java:1106)
	at com.amaserenity.pages.LoginPage.enterCredentials(LoginPage.java:55)
	at com.amaserenity.steps.LoginSteps.enterLoginData(LoginSteps.java:20)
	at com.amaserenity.steps.LoginSteps$$EnhancerByCGLIB$$a48dd2e6.CGLIB$enterLoginData$6(&lt;generated&gt;)
	at com.amaserenity.steps.LoginSteps$$EnhancerByCGLIB$$a48dd2e6$$FastClassByCGLIB$$38281e9e.invoke(&lt;generated&gt;)
	at net.sf.cglib.proxy.MethodProxy.invokeSuper(MethodProxy.java:228)
	at net.thucydides.core.steps.StepInterceptor.invokeMethod(StepInterceptor.java:426)
	at net.thucydides.core.steps.StepInterceptor.executeTestStepMethod(StepInterceptor.java:411)
	at net.thucydides.core.steps.StepInterceptor.runTestStep(StepInterceptor.java:386)
	at net.thucydides.core.steps.StepInterceptor.testStepResult(StepInterceptor.java:134)
	at net.thucydides.core.steps.StepInterceptor.intercept(StepInterceptor.java:63)
	at com.amaserenity.steps.LoginSteps$$EnhancerByCGLIB$$a48dd2e6.enterLoginData(&lt;generated&gt;)
	at com.amaserenity.stepdefinations.LoginStepDefination.enterValidData(LoginStepDefination.java:24)
	at sun.reflect.NativeMethodAccessorImpl.invoke0(Native Method)
	at sun.reflect.NativeMethodAccessorImpl.invoke(NativeMethodAccessorImpl.java:62)
	at sun.reflect.DelegatingMethodAccessorImpl.invoke(DelegatingMethodAccessorImpl.java:43)
	at java.lang.reflect.Method.invoke(Method.java:497)
	at cucumber.runtime.Utils$1.call(Utils.java:32)
	at cucumber.runtime.Timeout.timeout(Timeout.java:16)
	at cucumber.runtime.Utils.invoke(Utils.java:26)
	at cucumber.runtime.java.JavaStepDefinition.execute(JavaStepDefinition.java:37)
	at cucumber.runtime.StepDefinitionMatch.runStep(StepDefinitionMatch.java:40)
	at cucumber.api.TestStep.executeStep(TestStep.java:102)
	at cucumber.api.TestStep.run(TestStep.java:83)
	at cucumber.api.TestCase.run(TestCase.java:58)
	at cucumber.runner.Runner.runPickle(Runner.java:80)
	at cucumber.runtime.junit.PickleRunners$NoStepDescriptions.run(PickleRunners.java:140)
	at cucumber.runtime.junit.FeatureRunner.runChild(FeatureRunner.java:68)
	at cucumber.runtime.junit.FeatureRunner.runChild(FeatureRunner.java:23)
	at org.junit.runners.ParentRunner$3.run(ParentRunner.java:290)
	at org.junit.runners.ParentRunner$1.schedule(ParentRunner.java:71)
	at org.junit.runners.ParentRunner.runChildren(ParentRunner.java:288)
	at org.junit.runners.ParentRunner.access$000(ParentRunner.java:58)
	at org.junit.runners.ParentRunner$2.evaluate(ParentRunner.java:268)
	at org.junit.runners.ParentRunner.run(ParentRunner.java:363)
	at cucumber.runtime.junit.FeatureRunner.run(FeatureRunner.java:73)
	at cucumber.api.junit.Cucumber.runChild(Cucumber.java:99)
	at cucumber.api.junit.Cucumber.runChild(Cucumber.java:41)
	at org.junit.runners.ParentRunner$3.run(ParentRunner.java:290)
	at org.junit.runners.ParentRunner$1.schedule(ParentRunner.java:71)
	at org.junit.runners.ParentRunner.runChildren(ParentRunner.java:288)
	at org.junit.runners.ParentRunner.access$000(ParentRunner.java:58)
	at org.junit.runners.ParentRunner$2.evaluate(ParentRunner.java:268)
	at cucumber.api.junit.Cucumber$1.evaluate(Cucumber.java:108)
	at org.junit.internal.runners.statements.RunBefores.evaluate(RunBefores.java:26)
	at org.junit.internal.runners.statements.RunAfters.evaluate(RunAfters.java:27)
	at org.junit.runners.ParentRunner.run(ParentRunner.java:363)
	at org.gradle.api.internal.tasks.testing.junit.JUnitTestClassExecuter.runTestClass(JUnitTestClassExecuter.java:114)
	at org.gradle.api.internal.tasks.testing.junit.JUnitTestClassExecuter.execute(JUnitTestClassExecuter.java:57)
	at org.gradle.api.internal.tasks.testing.junit.JUnitTestClassProcessor.processTestClass(JUnitTestClassProcessor.java:66)
	at org.gradle.api.internal.tasks.testing.SuiteTestClassProcessor.processTestClass(SuiteTestClassProcessor.java:51)
	at sun.reflect.NativeMethodAccessorImpl.invoke0(Native Method)
	at sun.reflect.NativeMethodAccessorImpl.invoke(NativeMethodAccessorImpl.java:62)
	at sun.reflect.DelegatingMethodAccessorImpl.invoke(DelegatingMethodAccessorImpl.java:43)
	at java.lang.reflect.Method.invoke(Method.java:497)
	at org.gradle.internal.dispatch.ReflectionDispatch.dispatch(ReflectionDispatch.java:35)
	at org.gradle.internal.dispatch.ReflectionDispatch.dispatch(ReflectionDispatch.java:24)
	at org.gradle.internal.dispatch.ContextClassLoaderDispatch.dispatch(ContextClassLoaderDispatch.java:32)
	at org.gradle.internal.dispatch.ProxyDispatchAdapter$DispatchingInvocationHandler.invoke(ProxyDispatchAdapter.java:93)
	at com.sun.proxy.$Proxy1.processTestClass(Unknown Source)
	at org.gradle.api.internal.tasks.testing.worker.TestWorker.processTestClass(TestWorker.java:109)
	at sun.reflect.NativeMethodAccessorImpl.invoke0(Native Method)
	at sun.reflect.NativeMethodAccessorImpl.invoke(NativeMethodAccessorImpl.java:62)
	at sun.reflect.DelegatingMethodAccessorImpl.invoke(DelegatingMethodAccessorImpl.java:43)
	at java.lang.reflect.Method.invoke(Method.java:497)
	at org.gradle.internal.dispatch.ReflectionDispatch.dispatch(ReflectionDispatch.java:35)
	at org.gradle.internal.dispatch.ReflectionDispatch.dispatch(ReflectionDispatch.java:24)
	at org.gradle.internal.remote.internal.hub.MessageHubBackedObjectConnection$DispatchWrapper.dispatch(MessageHubBackedObjectConnection.java:146)
	at org.gradle.internal.remote.internal.hub.MessageHubBackedObjectConnection$DispatchWrapper.dispatch(MessageHubBackedObjectConnection.java:128)
	at org.gradle.internal.remote.internal.hub.MessageHub$Handler.run(MessageHub.java:404)
	at org.gradle.internal.concurrent.ExecutorPolicy$CatchAndRecordFailures.onExecute(ExecutorPolicy.java:63)
	at org.gradle.internal.concurrent.StoppableExecutorImpl$1.run(StoppableExecutorImpl.java:46)
	at java.util.concurrent.ThreadPoolExecutor.runWorker(ThreadPoolExecutor.java:1142)
	at java.util.concurrent.ThreadPoolExecutor$Worker.run(ThreadPoolExecutor.java:617)
	at org.gradle.internal.concurrent.ThreadFactoryImpl$ManagedThreadRunnable.run(ThreadFactoryImpl.java:55)
	at java.lang.Thread.run(Thread.java:745)
Caused by: org.openqa.selenium.TimeoutException: Expected condition failed: waiting for io.appium.java_client.pagefactory.AppiumElementLocator$WaitingFunction@4026a55a (tried for 2 second(s) with 500 MILLISECONDS interval)
	at org.openqa.selenium.support.ui.FluentWait.timeoutException(FluentWait.java:263)
	at org.openqa.selenium.support.ui.FluentWait.until(FluentWait.java:231)
	at io.appium.java_client.pagefactory.AppiumElementLocator.waitFor(AppiumElementLocator.java:76)
	at io.appium.java_client.pagefactory.AppiumElementLocator.findElement(AppiumElementLocator.java:95)
	... 78 more
Caused by: org.openqa.selenium.NoSuchElementException: An element could not be located on the page using the given search parameters. (WARNING: The server did not provide any stacktrace information)
Command duration or timeout: 0 milliseconds
For documentation on this error, please visit: http://seleniumhq.org/exceptions/no_such_element.html
Build info: version: '3.7.1', revision: '8a0099a', time: '2017-11-06T21:01:39.354Z'
System info: host: 'Sampads-MBP.lan', ip: '192.168.1.158', os.name: 'Mac OS X', os.arch: 'x86_64', os.version: '10.13.1', java.version: '1.8.0_65'
Driver info: io.appium.java_client.android.AndroidDriver
Capabilities {app: /Users/sampadrout/Downloads..., appActivity: com.thinkrite.assistant.wiz..., appPackage: com.thinkrite.assistant, appWaitActivity: com.thinkrite.assistant.wiz..., appWaitPackage: com.thinkrite.assistant, automationName: Appium, databaseEnabled: false, desired: {app: /Users/sampadrout/Downloads..., appActivity: com.thinkrite.assistant.wiz..., automationName: Appium, deviceName: Nexus_6P, fullReset: true, hub: http://127.0.0.1:4723/wd/hub, noReset: false, platformName: Android, platformVersion: 7.1.1}, deviceManufacturer: Genymotion, deviceModel: Nexus_6P, deviceName: 192.168.59.101:5555, deviceScreenSize: 1440x2560, deviceUDID: 192.168.59.101:5555, fullReset: true, hub: http://127.0.0.1:4723/wd/hub, javascriptEnabled: true, locationContextEnabled: false, networkConnectionEnabled: true, noReset: false, platform: LINUX, platformName: LINUX, platformVersion: 7.1.1, takesScreenshot: true, warnings: {}, webStorageEnabled: false}
Session ID: a6c93e0d-6ea9-4615-85e1-074bd9180035
*** Element info: {Using=id, value=emailAddress}
	at sun.reflect.NativeConstructorAccessorImpl.newInstance0(Native Method)
	at sun.reflect.NativeConstructorAccessorImpl.newInstance(NativeConstructorAccessorImpl.java:62)
	at sun.reflect.DelegatingConstructorAccessorImpl.newInstance(DelegatingConstructorAccessorImpl.java:45)
	at java.lang.reflect.Constructor.newInstance(Constructor.java:422)
	at org.openqa.selenium.remote.ErrorHandler.createThrowable(ErrorHandler.java:214)
	at org.openqa.selenium.remote.ErrorHandler.throwIfResponseFailed(ErrorHandler.java:166)
	at org.openqa.selenium.remote.http.JsonHttpResponseCodec.reconstructValue(JsonHttpResponseCodec.java:40)
	at org.openqa.selenium.remote.http.AbstractHttpResponseCodec.decode(AbstractHttpResponseCodec.java:80)
	at org.openqa.selenium.remote.http.AbstractHttpResponseCodec.decode(AbstractHttpResponseCodec.java:44)
	at org.openqa.selenium.remote.HttpCommandExecutor.execute(HttpCommandExecutor.java:164)
	at io.appium.java_client.remote.AppiumCommandExecutor.execute(AppiumCommandExecutor.java:89)
	at org.openqa.selenium.remote.RemoteWebDriver.execute(RemoteWebDriver.java:600)
	at io.appium.java_client.DefaultGenericMobileDriver.execute(DefaultGenericMobileDriver.java:42)
	at io.appium.java_client.AppiumDriver.execute(AppiumDriver.java:1)
	at io.appium.java_client.android.AndroidDriver.execute(AndroidDriver.java:1)
	at org.openqa.selenium.remote.RemoteWebDriver.findElement(RemoteWebDriver.java:370)
	at io.appium.java_client.DefaultGenericMobileDriver.findElement(DefaultGenericMobileDriver.java:62)
	at io.appium.java_client.AppiumDriver.findElement(AppiumDriver.java:1)
	at io.appium.java_client.android.AndroidDriver.findElement(AndroidDriver.java:1)
	at org.openqa.selenium.remote.RemoteWebDriver.findElementById(RemoteWebDriver.java:416)
	at io.appium.java_client.DefaultGenericMobileDriver.findElementById(DefaultGenericMobileDriver.java:70)
	at io.appium.java_client.AppiumDriver.findElementById(AppiumDriver.java:1)
	at io.appium.java_client.android.AndroidDriver.findElementById(AndroidDriver.java:1)
	at org.openqa.selenium.By$ById.findElement(By.java:218)
	at org.openqa.selenium.remote.RemoteWebDriver.findElement(RemoteWebDriver.java:362)
	at io.appium.java_client.DefaultGenericMobileDriver.findElement(DefaultGenericMobileDriver.java:58)
	at io.appium.java_client.AppiumDriver.findElement(AppiumDriver.java:1)
	at io.appium.java_client.android.AndroidDriver.findElement(AndroidDriver.java:1)
	at io.appium.java_client.pagefactory.bys.ContentMappedBy.findElement(ContentMappedBy.java:36)
	at org.openqa.selenium.remote.RemoteWebDriver.findElement(RemoteWebDriver.java:362)
	at io.appium.java_client.DefaultGenericMobileDriver.findElement(DefaultGenericMobileDriver.java:58)
	at io.appium.java_client.AppiumDriver.findElement(AppiumDriver.java:1)
	at io.appium.java_client.android.AndroidDriver.findElement(AndroidDriver.java:1)
	at net.thucydides.core.webdriver.WebDriverFacade.findElement(WebDriverFacade.java:276)
	at io.appium.java_client.pagefactory.AppiumElementLocator.lambda$0(AppiumElementLocator.java:96)
	at io.appium.java_client.pagefactory.AppiumElementLocator$WaitingFunction.apply(AppiumElementLocator.java:150)
	at io.appium.java_client.pagefactory.AppiumElementLocator$WaitingFunction.apply(AppiumElementLocator.java:1)
	at org.openqa.selenium.support.ui.FluentWait.until(FluentWait.java:208)
	... 80 more
</failure>
  </testcase>
  <system-out><![CDATA[[HTTP] --> POST /wd/hub/session {"desiredCapabilities":{"app":"/Users/sampadrout/Downloads/app-ama-debug.apk","appActivity":"com.thinkrite.assistant.wizard.WizardFirstPageActivity","automationName":"Appium","deviceName":"Nexus_6P","fullReset":"true","hub":"http://127.0.0.1:4723/wd/hub","noReset":"false","platformName":"Android","platformVersion":"7.1.1"},"capabilities":{"desiredCapabilities":{"app":"/Users/sampadrout/Downloads/app-ama-debug.apk","appActivity":"com.thinkrite.assistant.wizard.WizardFirstPageActivity","automationName":"Appium","deviceName":"Nexus_6P","fullReset":"true","hub":"http://127.0.0.1:4723/wd/hub","noReset":"false","platformName":"Android","platformVersion":"7.1.1"},"firstMatch":[{"platformName":"android"}]}}
[Appium] Creating new AndroidDriver (v1.20.0) session
[Appium] Capabilities:
[Appium]   app: '/Users/sampadrout/Downloads/app-ama-debug.apk'
[Appium]   appActivity: 'com.thinkrite.assistant.wizard.WizardFirstPageActivity'
[Appium]   automationName: 'Appium'
[Appium]   deviceName: 'Nexus_6P'
[Appium]   fullReset: 'true'
[Appium]   hub: 'http://127.0.0.1:4723/wd/hub'
[Appium]   noReset: 'false'
[Appium]   platformName: 'Android'
[Appium]   platformVersion: '7.1.1'
[BaseDriver] Capability 'noReset' changed from string to boolean. This may cause unexpected behavior
[BaseDriver] Capability 'fullReset' changed from string to boolean. This may cause unexpected behavior
[BaseDriver] The following capabilities were provided, but are not recognized by appium: hub.
[BaseDriver] Session created with session id: a6c93e0d-6ea9-4615-85e1-074bd9180035
[AndroidDriver] Java version is: 1.8.0_65
[ADB] Checking whether adb is present
[ADB] Using adb from /Users/sampadrout/Library/Android/sdk/platform-tools/adb
[AndroidDriver] Retrieving device list
[AndroidDriver] Looking for a device with Android '7.1.1'
[ADB] Getting device platform version
[AndroidDriver] Using device: 192.168.59.101:5555
[ADB] Checking whether adb is present
[ADB] Using adb from /Users/sampadrout/Library/Android/sdk/platform-tools/adb
[BaseDriver] Using local app '/Users/sampadrout/Downloads/app-ama-debug.apk'
[AndroidDriver] Starting Android session
[ADB] Checking whether aapt is present
[ADB] Using aapt from /Users/sampadrout/Library/Android/sdk/build-tools/23.0.1/aapt
[ADB] Cannot read version codes of /usr/local/lib/node_modules/appium/node_modules/io.appium.settings/app/build/outputs/apk/settings_apk-debug.apk and/or io.appium.settings. Assuming correct app version is already installed
[ADB] Getting device platform version
[ADB] Checking whether aapt is present
[ADB] Using aapt from /Users/sampadrout/Library/Android/sdk/build-tools/23.0.1/aapt
[ADB] Extracting package and launch activity from manifest
[ADB] App was not uninstalled, maybe it wasn't on device?
[AndroidDriver] Remote apk path is /data/local/tmp/75cc2ec531b3b52ee237134066207db0.apk
[AndroidDriver] Apk is not yet installed
[AndroidDriver] installing apk from remote
[AndroidDriver] Clearing out any existing remote apks with the same hash
[ADB] App was not uninstalled, maybe it wasn't on device?
[ADB] No uiautomator process found to kill, continuing...
[AndroidBootstrap] [BOOTSTRAP LOG] [debug] Loading json...
[AndroidBootstrap] [BOOTSTRAP LOG] [debug] json loading complete.
[AndroidBootstrap] [BOOTSTRAP LOG] [debug] Registered crash watchers.
[AndroidBootstrap] Android bootstrap socket is now connected
[AndroidBootstrap] [BOOTSTRAP LOG] [debug] Client connected
[AndroidDriver] Screen already unlocked, doing nothing
[Appium] New AndroidDriver session created successfully, session a6c93e0d-6ea9-4615-85e1-074bd9180035 added to master session list
[HTTP] <-- POST /wd/hub/session 200 28348 ms - 1164 
[HTTP] --> POST /wd/hub/session/a6c93e0d-6ea9-4615-85e1-074bd9180035/elements {"using":"id","value":"com.thinkrite.assistant:id/logoLogin"}
[AndroidBootstrap] [BOOTSTRAP LOG] [debug] Got data from client: {"cmd":"action","action":"find","params":{"strategy":"id","selector":"com.thinkrite.assistant:id/logoLogin","context":"","multiple":true}}
[AndroidBootstrap] [BOOTSTRAP LOG] [debug] Got command of type ACTION
[AndroidBootstrap] [BOOTSTRAP LOG] [debug] Got command action: find
[AndroidBootstrap] [BOOTSTRAP LOG] [debug] Finding 'com.thinkrite.assistant:id/logoLogin' using 'ID' with the contextId: '' multiple: true
[AndroidBootstrap] [BOOTSTRAP LOG] [debug] Using: UiSelector[RESOURCE_ID=com.thinkrite.assistant:id/logoLogin]
[AndroidBootstrap] [BOOTSTRAP LOG] [debug] getElements selector:UiSelector[RESOURCE_ID=com.thinkrite.assistant:id/logoLogin]
[AndroidBootstrap] [BOOTSTRAP LOG] [debug] Element[] is null: (0)
[AndroidBootstrap] [BOOTSTRAP LOG] [debug] getElements tmp selector:UiSelector[INSTANCE=0, RESOURCE_ID=com.thinkrite.assistant:id/logoLogin]
[AndroidBootstrap] [BOOTSTRAP LOG] [debug] Element[] is null: (1)
[AndroidBootstrap] [BOOTSTRAP LOG] [debug] getElements tmp selector:UiSelector[INSTANCE=1, RESOURCE_ID=com.thinkrite.assistant:id/logoLogin]
[AndroidBootstrap] [BOOTSTRAP LOG] [debug] Returning result: {"status":0,"value":[{"ELEMENT":"1"}]}
[HTTP] <-- POST /wd/hub/session/a6c93e0d-6ea9-4615-85e1-074bd9180035/elements 200 791 ms - 89 
[HTTP] --> GET /wd/hub/session/a6c93e0d-6ea9-4615-85e1-074bd9180035 {}
[HTTP] <-- GET /wd/hub/session/a6c93e0d-6ea9-4615-85e1-074bd9180035 200 141 ms - 1164 
[HTTP] --> GET /wd/hub/session/a6c93e0d-6ea9-4615-85e1-074bd9180035 {}
[HTTP] <-- GET /wd/hub/session/a6c93e0d-6ea9-4615-85e1-074bd9180035 200 8 ms - 1164 
[HTTP] --> GET /wd/hub/session/a6c93e0d-6ea9-4615-85e1-074bd9180035 {}
[HTTP] <-- GET /wd/hub/session/a6c93e0d-6ea9-4615-85e1-074bd9180035 200 9 ms - 1164 
[HTTP] --> GET /wd/hub/session/a6c93e0d-6ea9-4615-85e1-074bd9180035 {}
[HTTP] <-- GET /wd/hub/session/a6c93e0d-6ea9-4615-85e1-074bd9180035 200 9 ms - 1164 
[HTTP] --> GET /wd/hub/session/a6c93e0d-6ea9-4615-85e1-074bd9180035/element/1/displayed {}
[AndroidBootstrap] [BOOTSTRAP LOG] [debug] Got data from client: {"cmd":"action","action":"element:getAttribute","params":{"attribute":"displayed","elementId":"1"}}
[AndroidBootstrap] [BOOTSTRAP LOG] [debug] Got command of type ACTION
[AndroidBootstrap] [BOOTSTRAP LOG] [debug] Got command action: getAttribute
[HTTP] <-- GET /wd/hub/session/a6c93e0d-6ea9-4615-85e1-074bd9180035/element/1/displayed 200 92 ms - 76 
[AndroidBootstrap] [BOOTSTRAP LOG] [debug] Returning result: {"status":0,"value":"true"}
[HTTP] --> GET /wd/hub/session/a6c93e0d-6ea9-4615-85e1-074bd9180035/screenshot {}
[AndroidDriver] Cannot get screenshot data with 'adb exec-out' because of 'Command output is not a valid PNG file (fd504e47 !== 89504e47)'. Defaulting to 'adb shell' call
[HTTP] <-- GET /wd/hub/session/a6c93e0d-6ea9-4615-85e1-074bd9180035/screenshot 200 6770 ms - 213306 
[HTTP] --> GET /wd/hub/session/a6c93e0d-6ea9-4615-85e1-074bd9180035/screenshot {}
[AndroidDriver] Cannot get screenshot data with 'adb exec-out' because of 'Command output is not a valid PNG file (fd504e47 !== 89504e47)'. Defaulting to 'adb shell' call
[HTTP] <-- GET /wd/hub/session/a6c93e0d-6ea9-4615-85e1-074bd9180035/screenshot 200 7452 ms - 213306 
[HTTP] --> GET /wd/hub/session/a6c93e0d-6ea9-4615-85e1-074bd9180035/screenshot {}
[AndroidDriver] Cannot get screenshot data with 'adb exec-out' because of 'Command output is not a valid PNG file (fd504e47 !== 89504e47)'. Defaulting to 'adb shell' call
[HTTP] <-- GET /wd/hub/session/a6c93e0d-6ea9-4615-85e1-074bd9180035/screenshot 200 6799 ms - 213282 
[HTTP] --> GET /wd/hub/session/a6c93e0d-6ea9-4615-85e1-074bd9180035/screenshot {}
[AndroidDriver] Cannot get screenshot data with 'adb exec-out' because of 'Command output is not a valid PNG file (fd504e47 !== 89504e47)'. Defaulting to 'adb shell' call
[HTTP] <-- GET /wd/hub/session/a6c93e0d-6ea9-4615-85e1-074bd9180035/screenshot 200 7372 ms - 213282 
[HTTP] --> GET /wd/hub/session/a6c93e0d-6ea9-4615-85e1-074bd9180035 {}
[HTTP] <-- GET /wd/hub/session/a6c93e0d-6ea9-4615-85e1-074bd9180035 200 11 ms - 1164 
[HTTP] --> POST /wd/hub/session/a6c93e0d-6ea9-4615-85e1-074bd9180035/element {"using":"id","value":"emailAddress"}
[AndroidBootstrap] [BOOTSTRAP LOG] [debug] Got data from client: {"cmd":"action","action":"find","params":{"strategy":"id","selector":"emailAddress","context":"","multiple":false}}
[AndroidBootstrap] [BOOTSTRAP LOG] [debug] Got command of type ACTION
[AndroidBootstrap] [BOOTSTRAP LOG] [debug] Got command action: find
[AndroidBootstrap] [BOOTSTRAP LOG] [debug] Finding 'emailAddress' using 'ID' with the contextId: '' multiple: false
[AndroidBootstrap] [BOOTSTRAP LOG] [debug] Using: UiSelector[INSTANCE=0, RESOURCE_ID=com.thinkrite.assistant:id/emailAddress]
[AndroidBootstrap] [BOOTSTRAP LOG] [debug] Using: UiSelector[INSTANCE=0, RESOURCE_ID=android:id/emailAddress]
[AndroidBootstrap] [BOOTSTRAP LOG] [debug] Using: UiSelector[INSTANCE=0, RESOURCE_ID=emailAddress]
[AndroidBootstrap] [BOOTSTRAP LOG] [debug] Using: UiSelector[DESCRIPTION=emailAddress, INSTANCE=0]
[AndroidBootstrap] [BOOTSTRAP LOG] [debug] Failed to locate element. Clearing Accessibility cache and retrying.
[AndroidBootstrap] [BOOTSTRAP LOG] [debug] Finding 'emailAddress' using 'ID' with the contextId: '' multiple: false
[AndroidBootstrap] [BOOTSTRAP LOG] [debug] Using: UiSelector[INSTANCE=0, RESOURCE_ID=com.thinkrite.assistant:id/emailAddress]
[AndroidBootstrap] [BOOTSTRAP LOG] [debug] Using: UiSelector[INSTANCE=0, RESOURCE_ID=android:id/emailAddress]
[AndroidBootstrap] [BOOTSTRAP LOG] [debug] Using: UiSelector[INSTANCE=0, RESOURCE_ID=emailAddress]
[AndroidBootstrap] [BOOTSTRAP LOG] [debug] Using: UiSelector[DESCRIPTION=emailAddress, INSTANCE=0]
[AndroidBootstrap] [BOOTSTRAP LOG] [debug] Returning result: {"status":7,"value":"No element found"}
[HTTP] <-- POST /wd/hub/session/a6c93e0d-6ea9-4615-85e1-074bd9180035/element 500 222 ms - 164 
[HTTP] --> GET /wd/hub/session/a6c93e0d-6ea9-4615-85e1-074bd9180035 {}
[HTTP] <-- GET /wd/hub/session/a6c93e0d-6ea9-4615-85e1-074bd9180035 200 2 ms - 1164 
[HTTP] --> POST /wd/hub/session/a6c93e0d-6ea9-4615-85e1-074bd9180035/element {"using":"id","value":"emailAddress"}
[AndroidBootstrap] [BOOTSTRAP LOG] [debug] Got data from client: {"cmd":"action","action":"find","params":{"strategy":"id","selector":"emailAddress","context":"","multiple":false}}
[AndroidBootstrap] [BOOTSTRAP LOG] [debug] Got command of type ACTION
[AndroidBootstrap] [BOOTSTRAP LOG] [debug] Got command action: find
[AndroidBootstrap] [BOOTSTRAP LOG] [debug] Finding 'emailAddress' using 'ID' with the contextId: '' multiple: false
[AndroidBootstrap] [BOOTSTRAP LOG] [debug] Using: UiSelector[INSTANCE=0, RESOURCE_ID=com.thinkrite.assistant:id/emailAddress]
[AndroidBootstrap] [BOOTSTRAP LOG] [debug] Using: UiSelector[INSTANCE=0, RESOURCE_ID=android:id/emailAddress]
[AndroidBootstrap] [BOOTSTRAP LOG] [debug] Using: UiSelector[INSTANCE=0, RESOURCE_ID=emailAddress]
[AndroidBootstrap] [BOOTSTRAP LOG] [debug] Using: UiSelector[DESCRIPTION=emailAddress, INSTANCE=0]
[AndroidBootstrap] [BOOTSTRAP LOG] [debug] Failed to locate element. Clearing Accessibility cache and retrying.
[AndroidBootstrap] [BOOTSTRAP LOG] [debug] Finding 'emailAddress' using 'ID' with the contextId: '' multiple: false
[AndroidBootstrap] [BOOTSTRAP LOG] [debug] Using: UiSelector[INSTANCE=0, RESOURCE_ID=com.thinkrite.assistant:id/emailAddress]
[AndroidBootstrap] [BOOTSTRAP LOG] [debug] Using: UiSelector[INSTANCE=0, RESOURCE_ID=android:id/emailAddress]
[AndroidBootstrap] [BOOTSTRAP LOG] [debug] Using: UiSelector[INSTANCE=0, RESOURCE_ID=emailAddress]
[AndroidBootstrap] [BOOTSTRAP LOG] [debug] Using: UiSelector[DESCRIPTION=emailAddress, INSTANCE=0]
[AndroidBootstrap] [BOOTSTRAP LOG] [debug] Returning result: {"status":7,"value":"No element found"}
[HTTP] <-- POST /wd/hub/session/a6c93e0d-6ea9-4615-85e1-074bd9180035/element 500 140 ms - 164 
[HTTP] --> GET /wd/hub/session/a6c93e0d-6ea9-4615-85e1-074bd9180035 {}
[HTTP] <-- GET /wd/hub/session/a6c93e0d-6ea9-4615-85e1-074bd9180035 200 1 ms - 1164 
[HTTP] --> POST /wd/hub/session/a6c93e0d-6ea9-4615-85e1-074bd9180035/element {"using":"id","value":"emailAddress"}
[AndroidBootstrap] [BOOTSTRAP LOG] [debug] Got data from client: {"cmd":"action","action":"find","params":{"strategy":"id","selector":"emailAddress","context":"","multiple":false}}
[AndroidBootstrap] [BOOTSTRAP LOG] [debug] Got command of type ACTION
[AndroidBootstrap] [BOOTSTRAP LOG] [debug] Got command action: find
[AndroidBootstrap] [BOOTSTRAP LOG] [debug] Finding 'emailAddress' using 'ID' with the contextId: '' multiple: false
[AndroidBootstrap] [BOOTSTRAP LOG] [debug] Using: UiSelector[INSTANCE=0, RESOURCE_ID=com.thinkrite.assistant:id/emailAddress]
[AndroidBootstrap] [BOOTSTRAP LOG] [debug] Using: UiSelector[INSTANCE=0, RESOURCE_ID=android:id/emailAddress]
[AndroidBootstrap] [BOOTSTRAP LOG] [debug] Using: UiSelector[INSTANCE=0, RESOURCE_ID=emailAddress]
[AndroidBootstrap] [BOOTSTRAP LOG] [debug] Using: UiSelector[DESCRIPTION=emailAddress, INSTANCE=0]
[AndroidBootstrap] [BOOTSTRAP LOG] [debug] Failed to locate element. Clearing Accessibility cache and retrying.
[AndroidBootstrap] [BOOTSTRAP LOG] [debug] Finding 'emailAddress' using 'ID' with the contextId: '' multiple: false
[AndroidBootstrap] [BOOTSTRAP LOG] [debug] Using: UiSelector[INSTANCE=0, RESOURCE_ID=com.thinkrite.assistant:id/emailAddress]
[AndroidBootstrap] [BOOTSTRAP LOG] [debug] Using: UiSelector[INSTANCE=0, RESOURCE_ID=android:id/emailAddress]
[AndroidBootstrap] [BOOTSTRAP LOG] [debug] Using: UiSelector[INSTANCE=0, RESOURCE_ID=emailAddress]
[AndroidBootstrap] [BOOTSTRAP LOG] [debug] Using: UiSelector[DESCRIPTION=emailAddress, INSTANCE=0]
[AndroidBootstrap] [BOOTSTRAP LOG] [debug] Returning result: {"status":7,"value":"No element found"}
[HTTP] <-- POST /wd/hub/session/a6c93e0d-6ea9-4615-85e1-074bd9180035/element 500 234 ms - 164 
[HTTP] --> GET /wd/hub/session/a6c93e0d-6ea9-4615-85e1-074bd9180035 {}
[HTTP] <-- GET /wd/hub/session/a6c93e0d-6ea9-4615-85e1-074bd9180035 200 1 ms - 1164 
[HTTP] --> POST /wd/hub/session/a6c93e0d-6ea9-4615-85e1-074bd9180035/element {"using":"id","value":"emailAddress"}
[AndroidBootstrap] [BOOTSTRAP LOG] [debug] Got data from client: {"cmd":"action","action":"find","params":{"strategy":"id","selector":"emailAddress","context":"","multiple":false}}
[AndroidBootstrap] [BOOTSTRAP LOG] [debug] Got command of type ACTION
[AndroidBootstrap] [BOOTSTRAP LOG] [debug] Got command action: find
[AndroidBootstrap] [BOOTSTRAP LOG] [debug] Finding 'emailAddress' using 'ID' with the contextId: '' multiple: false
[AndroidBootstrap] [BOOTSTRAP LOG] [debug] Using: UiSelector[INSTANCE=0, RESOURCE_ID=com.thinkrite.assistant:id/emailAddress]
[AndroidBootstrap] [BOOTSTRAP LOG] [debug] Using: UiSelector[INSTANCE=0, RESOURCE_ID=android:id/emailAddress]
[AndroidBootstrap] [BOOTSTRAP LOG] [debug] Using: UiSelector[INSTANCE=0, RESOURCE_ID=emailAddress]
[AndroidBootstrap] [BOOTSTRAP LOG] [debug] Using: UiSelector[DESCRIPTION=emailAddress, INSTANCE=0]
[AndroidBootstrap] [BOOTSTRAP LOG] [debug] Failed to locate element. Clearing Accessibility cache and retrying.
[AndroidBootstrap] [BOOTSTRAP LOG] [debug] Finding 'emailAddress' using 'ID' with the contextId: '' multiple: false
[AndroidBootstrap] [BOOTSTRAP LOG] [debug] Using: UiSelector[INSTANCE=0, RESOURCE_ID=com.thinkrite.assistant:id/emailAddress]
[AndroidBootstrap] [BOOTSTRAP LOG] [debug] Using: UiSelector[INSTANCE=0, RESOURCE_ID=android:id/emailAddress]
[AndroidBootstrap] [BOOTSTRAP LOG] [debug] Using: UiSelector[INSTANCE=0, RESOURCE_ID=emailAddress]
[AndroidBootstrap] [BOOTSTRAP LOG] [debug] Using: UiSelector[DESCRIPTION=emailAddress, INSTANCE=0]
[AndroidBootstrap] [BOOTSTRAP LOG] [debug] Returning result: {"status":7,"value":"No element found"}
[HTTP] <-- POST /wd/hub/session/a6c93e0d-6ea9-4615-85e1-074bd9180035/element 500 325 ms - 164 
[HTTP] --> GET /wd/hub/session/a6c93e0d-6ea9-4615-85e1-074bd9180035/screenshot {}
[AndroidDriver] Cannot get screenshot data with 'adb exec-out' because of 'Command output is not a valid PNG file (fd504e47 !== 89504e47)'. Defaulting to 'adb shell' call
[HTTP] <-- GET /wd/hub/session/a6c93e0d-6ea9-4615-85e1-074bd9180035/screenshot 200 5164 ms - 213538 
[HTTP] --> GET /wd/hub/session/a6c93e0d-6ea9-4615-85e1-074bd9180035/source {}
[AndroidBootstrap] [BOOTSTRAP LOG] [debug] Got data from client: {"cmd":"action","action":"source","params":{}}
[AndroidBootstrap] [BOOTSTRAP LOG] [debug] Got command of type ACTION
[AndroidBootstrap] [BOOTSTRAP LOG] [debug] Got command action: source
[HTTP] <-- GET /wd/hub/session/a6c93e0d-6ea9-4615-85e1-074bd9180035/source 200 90 ms - 16131 
[HTTP] --> GET /wd/hub/session/a6c93e0d-6ea9-4615-85e1-074bd9180035/source {}
[AndroidBootstrap] [BOOTSTRAP LOG] [debug] Got data from client: {"cmd":"action","action":"source","params":{}}
[AndroidBootstrap] [BOOTSTRAP LOG] [debug] Got command of type ACTION
[AndroidBootstrap] [BOOTSTRAP LOG] [debug] Got command action: source
[HTTP] <-- GET /wd/hub/session/a6c93e0d-6ea9-4615-85e1-074bd9180035/source 200 78 ms - 16131 
[HTTP] --> DELETE /wd/hub/session/a6c93e0d-6ea9-4615-85e1-074bd9180035 {}
[ADB] App was uninstalled
[ADB] No uiautomator process found to kill, continuing...
[Appium] Removing session a6c93e0d-6ea9-4615-85e1-074bd9180035 from our master session list
[HTTP] <-- DELETE /wd/hub/session/a6c93e0d-6ea9-4615-85e1-074bd9180035 200 3899 ms - 76 
]]></system-out>
  <system-err><![CDATA[Dec 07, 2017 12:05:28 PM org.openqa.selenium.remote.ProtocolHandshake createSession
INFO: Detected dialect: OSS
[Test worker] ERROR net.serenitybdd.core.Serenity - 
           __  _____ _____ ____ _____   _____ _    ___ _     _____ ____  
  _       / / |_   _| ____/ ___|_   _| |  ___/ \  |_ _| |   | ____|  _ \ 
 (_)_____| |    | | |  _| \___ \ | |   | |_ / _ \  | || |   |  _| | | | |
  _|_____| |    | | | |___ ___) || |   |  _/ ___ \ | || |___| |___| |_| |
 (_)     | |    |_| |_____|____/ |_|   |_|/_/   \_\___|_____|_____|____/ 
          \_\                                                            

TEST FAILED WITH ERROR: FTUX - Existing User login
---------------------------------------------------------------------
[Test worker] ERROR net.serenitybdd.core.Serenity - TEST FAILED AT STEP Enter login data
[Test worker] ERROR net.serenitybdd.core.Serenity - The following error occurred: Can't locate an element by this strategy: Locator map: 
]]></system-err>
</testsuite>
